[debug] [2019-09-02T05:18:13.950Z] ----------------------------------------------------------------------
[debug] [2019-09-02T05:18:13.951Z] Command:       /Users/hanirifai/.nvm/versions/node/v10.13.0/bin/node /Users/hanirifai/.nvm/versions/node/v10.13.0/bin/firebase deploy
[debug] [2019-09-02T05:18:13.952Z] CLI Version:   7.2.2
[debug] [2019-09-02T05:18:13.952Z] Platform:      darwin
[debug] [2019-09-02T05:18:13.952Z] Node Version:  v10.13.0
[debug] [2019-09-02T05:18:13.953Z] Time:          Mon Sep 02 2019 15:18:13 GMT+1000 (Australian Eastern Standard Time)
[debug] [2019-09-02T05:18:13.953Z] ----------------------------------------------------------------------
[debug] 
[debug] [2019-09-02T05:18:13.963Z] > command requires scopes: ["email","openid","https://www.googleapis.com/auth/cloudplatformprojects.readonly","https://www.googleapis.com/auth/firebase","https://www.googleapis.com/auth/cloud-platform"]
[debug] [2019-09-02T05:18:13.963Z] > authorizing via signed-in user
[debug] [2019-09-02T05:18:13.963Z] [iam] checking project acme-asd for permissions ["cloudfunctions.functions.create","cloudfunctions.functions.delete","cloudfunctions.functions.get","cloudfunctions.functions.list","cloudfunctions.functions.update","cloudfunctions.operations.get","firebase.projects.get","firebasedatabase.instances.update","firebasehosting.sites.update"]
[debug] [2019-09-02T05:18:13.964Z] > refreshing access token with scopes: ["email","https://www.googleapis.com/auth/cloud-platform","https://www.googleapis.com/auth/cloudplatformprojects.readonly","https://www.googleapis.com/auth/firebase","openid"]
[debug] [2019-09-02T05:18:13.964Z] >>> HTTP REQUEST POST https://www.googleapis.com/oauth2/v3/token  
 <request body omitted>
[debug] [2019-09-02T05:18:14.250Z] <<< HTTP RESPONSE 200
[debug] [2019-09-02T05:18:14.261Z] >>> HTTP REQUEST POST https://cloudresourcemanager.googleapis.com/v1/projects/acme-asd:testIamPermissions  

[debug] [2019-09-02T05:18:15.596Z] <<< HTTP RESPONSE 200
[debug] [2019-09-02T05:18:15.598Z] >>> HTTP REQUEST GET https://firebase.googleapis.com/v1beta1/projects/acme-asd  
 
[debug] [2019-09-02T05:18:16.076Z] <<< HTTP RESPONSE 200
[info] 
[info] === Deploying to 'acme-asd'...
[info] 
[info] i  deploying database, functions, hosting
[info] i  database: checking rules syntax...
[debug] [2019-09-02T05:18:16.623Z] >>> HTTP REQUEST PUT https://acme-asd.firebaseio.com/.settings/rules.json?dryRun=true  
 {
  /* Visit https://firebase.google.com/docs/database/security to learn more about security rules. */
  "rules": {
    ".read": true,
    ".write": true
  }
}
[debug] [2019-09-02T05:18:17.540Z] <<< HTTP RESPONSE 200
[info] ✔  database: rules syntax for database acme-asd is valid
[debug] [2019-09-02T05:18:17.542Z] > [functions] package.json contents: {
  "name": "functions",
  "description": "Cloud Functions for Firebase",
  "scripts": {
    "serve": "firebase serve --only functions",
    "shell": "firebase functions:shell",
    "start": "npm run shell",
    "deploy": "firebase deploy --only functions",
    "logs": "firebase functions:log"
  },
  "engines": {
    "node": "8"
  },
  "dependencies": {
    "firebase-admin": "^8.0.0",
    "firebase-functions": "^3.1.0"
  },
  "devDependencies": {
    "firebase-functions-test": "^0.1.6"
  },
  "private": true
}
[info] i  functions: ensuring necessary APIs are enabled...
[debug] [2019-09-02T05:18:17.543Z] >>> HTTP REQUEST GET https://serviceusage.googleapis.com/v1/projects/acme-asd/services/cloudfunctions.googleapis.com  
 
[debug] [2019-09-02T05:18:17.543Z] >>> HTTP REQUEST GET https://serviceusage.googleapis.com/v1/projects/acme-asd/services/runtimeconfig.googleapis.com  
 
[debug] [2019-09-02T05:18:19.078Z] <<< HTTP RESPONSE 200
[debug] [2019-09-02T05:18:19.086Z] <<< HTTP RESPONSE 200
[info] ✔  functions: all necessary APIs are enabled
[debug] [2019-09-02T05:18:19.087Z] >>> HTTP REQUEST GET https://firebase.googleapis.com/v1beta1/projects/acme-asd/adminSdkConfig  
 
[debug] [2019-09-02T05:18:19.486Z] <<< HTTP RESPONSE 200
[debug] [2019-09-02T05:18:19.488Z] >>> HTTP REQUEST POST https://firebasehosting.googleapis.com/v1beta1/sites/acme-asd/versions  

[debug] [2019-09-02T05:18:21.329Z] <<< HTTP RESPONSE 200
[info] i  functions: preparing functions directory for uploading...
[debug] [2019-09-02T05:18:21.330Z] >>> HTTP REQUEST GET https://runtimeconfig.googleapis.com/v1beta1/projects/acme-asd/configs  
 
[debug] [2019-09-02T05:18:21.790Z] <<< HTTP RESPONSE 200
[error] 
[error] Error: Error parsing triggers: Cannot find module 'firebase-functions'

Try running "npm install" in your functions directory before deploying.
